0 info it worked if it ends with ok
1 verbose cli [ 'C:\\Program Files\\nodejs\\node.exe',
1 verbose cli   'C:\\Users\\dima-\\AppData\\Roaming\\npm\\node_modules\\npm\\bin\\npm-cli.js',
1 verbose cli   'run',
1 verbose cli   'lite' ]
2 info using npm@3.10.5
3 info using node@v6.2.2
4 verbose run-script [ 'prelite', 'lite', 'postlite' ]
5 info lifecycle SinglePage@1.0.0~prelite: SinglePage@1.0.0
6 silly lifecycle SinglePage@1.0.0~prelite: no script for prelite, continuing
7 info lifecycle SinglePage@1.0.0~lite: SinglePage@1.0.0
8 verbose lifecycle SinglePage@1.0.0~lite: unsafe-perm in lifecycle true
9 verbose lifecycle SinglePage@1.0.0~lite: PATH: C:\Users\dima-\AppData\Roaming\npm\node_modules\npm\bin\node-gyp-bin;E:\WebStorm\SinglePage\node_modules\.bin;C:\Program Files\nodejs;C:\Users\dima-\AppData\Roaming\npm\node_modules\npm\bin\node-gyp-bin;E:\WebStorm\SinglePage\node_modules\.bin;C:\Program Files\nodejs;C:\Users\dima-\bin;E:\git\Git\mingw64\bin;E:\git\Git\usr\local\bin;E:\git\Git\usr\bin;E:\git\Git\usr\bin;E:\git\Git\mingw64\bin;E:\git\Git\usr\bin;C:\Users\dima-\bin;C:\ProgramData\Oracle\Java\javapath;C:\Windows\system32;C:\Windows;C:\Windows\System32\Wbem;C:\Windows\System32\WindowsPowerShell\v1.0;C:\Program Files (x86)\NVIDIA Corporation\PhysX\Common;C:\WINDOWS\system32\config\systemprofile\.dnx\bin;C:\Program Files\Microsoft DNX\Dnvm;C:\Program Files (x86)\Microsoft SQL Server\100\Tools\Binn;C:\Program Files\Microsoft SQL Server\100\Tools\Binn;C:\Program Files\Microsoft SQL Server\100\DTS\Binn;C:\WINDOWS\system32;C:\WINDOWS;C:\WINDOWS\System32\Wbem;C:\WINDOWS\System32\WindowsPowerShell\v1.0;E:\Programs\For Coding\Brackets\command;C:\Program Files (x86)\Skype\Phone;C:\ProgramData\chocolatey\bin;C:\Program Files\nodejs;C:\tools\python2;C:\Program Files\Microsoft SQL Server\120\Tools\Binn;C:\Program Files (x86)\Microsoft SQL Server\110\Tools\Binn;C:\Program Files\Microsoft SQL Server\110\Tools\Binn;C:\Program Files\Microsoft SQL Server\110\DTS\Binn;C:\Users\dima-\AppData\Local\atom\bin;C:\Users\dima-\AppData\Roaming\npm;E:\git\Git\usr\bin\vendor_perl;E:\git\Git\usr\bin\core_perl
10 verbose lifecycle SinglePage@1.0.0~lite: CWD: E:\WebStorm\SinglePage
11 silly lifecycle SinglePage@1.0.0~lite: Args: [ '/d /s /c', 'lite-server' ]
12 silly lifecycle SinglePage@1.0.0~lite: Returned: code: 3  signal: null
13 info lifecycle SinglePage@1.0.0~lite: Failed to exec lite script
14 verbose stack Error: SinglePage@1.0.0 lite: `lite-server`
14 verbose stack Exit status 3
14 verbose stack     at EventEmitter.<anonymous> (C:\Users\dima-\AppData\Roaming\npm\node_modules\npm\lib\utils\lifecycle.js:242:16)
14 verbose stack     at emitTwo (events.js:106:13)
14 verbose stack     at EventEmitter.emit (events.js:191:7)
14 verbose stack     at ChildProcess.<anonymous> (C:\Users\dima-\AppData\Roaming\npm\node_modules\npm\lib\utils\spawn.js:40:14)
14 verbose stack     at emitTwo (events.js:106:13)
14 verbose stack     at ChildProcess.emit (events.js:191:7)
14 verbose stack     at maybeClose (internal/child_process.js:852:16)
14 verbose stack     at Process.ChildProcess._handle.onexit (internal/child_process.js:215:5)
15 verbose pkgid SinglePage@1.0.0
16 verbose cwd E:\WebStorm\SinglePage
17 error Windows_NT 10.0.10586
18 error argv "C:\\Program Files\\nodejs\\node.exe" "C:\\Users\\dima-\\AppData\\Roaming\\npm\\node_modules\\npm\\bin\\npm-cli.js" "run" "lite"
19 error node v6.2.2
20 error npm  v3.10.5
21 error code ELIFECYCLE
22 error SinglePage@1.0.0 lite: `lite-server`
22 error Exit status 3
23 error Failed at the SinglePage@1.0.0 lite script 'lite-server'.
23 error Make sure you have the latest version of node.js and npm installed.
23 error If you do, this is most likely a problem with the SinglePage package,
23 error not with npm itself.
23 error Tell the author that this fails on your system:
23 error     lite-server
23 error You can get information on how to open an issue for this project with:
23 error     npm bugs SinglePage
23 error Or if that isn't available, you can get their info via:
23 error     npm owner ls SinglePage
23 error There is likely additional logging output above.
24 verbose exit [ 1, true ]
